<?xml version="1.0" encoding="UTF-8"?>
<!-- Generated by org.testng.reporters.JUnitReportReporter -->
<testsuite hostname="SAQUIB-AFROZ-PC" failures="0" tests="1" name="testng.MultipleTCExample" time="0.002" errors="0" timestamp="23 Dec 2024 08:58:33 GMT" skipped="0">
  <testcase classname="testng.MultipleTCExample" name="TC_04" time="0.002"/>
</testsuite> <!-- testng.MultipleTCExample -->
